<?xml version="1.0" encoding="UTF-8"?>
<!-- Generated by org.testng.reporters.JUnitReportReporter -->
<testsuite hostname="fede-Lenovo-ideapad-330S-15IKB" failures="0" tests="3" name="Moodle" time="7.703" errors="0" timestamp="2022-11-21T18:14:43 ART" skipped="0">
  <testcase classname="Moodle" name="loadPage" time="4.005"/>
  <system-out/>
  <testcase classname="Moodle" name="login" time="3.569"/>
  <system-out/>
  <testcase classname="Moodle" name="finishTest" time="0.129"/>
  <system-out/>
</testsuite> <!-- Moodle -->
