<?xml version="1.0" encoding="UTF-8"?>
<!-- Generated by org.testng.reporters.JUnitReportReporter -->
<testsuite hostname="fede-Lenovo-ideapad-330S-15IKB" failures="0" tests="3" name="Moodle" time="4.083" errors="0" timestamp="2022-11-21T20:09:45 ART" skipped="0">
  <testcase classname="Moodle" name="loadPage" time="2.960"/>
  <system-out/>
  <testcase classname="Moodle" name="login" time="1.010"/>
  <system-out/>
  <testcase classname="Moodle" name="finishTest" time="0.113"/>
  <system-out/>
</testsuite> <!-- Moodle -->
